<?xml version="1.0" encoding="UTF-8"?>
<!-- Generated by org.testng.reporters.JUnitXMLReporter -->
<testsuite ignored="1" hostname="DESKTOP-642GRUN" failures="0" tests="1" name="Command line test" time="26.389" errors="0" timestamp="2022-12-10T13:21:49 GMT">
  <testcase classname="org.example.TestSuit" name="registerNewUser" time="9.306"/>
  <testcase classname="org.example.TestSuit" name="verifyEachProductHasName" time="0.0">
    <ignored/>
  </testcase> <!-- verifyEachProductHasName -->
</testsuite> <!-- Command line test -->
