<?xml version="1.0" encoding="UTF-8"?>
<testng-results ignored="1" total="2" passed="1" failed="0" skipped="0">
  <reporter-output>
  </reporter-output>
  <suite started-at="2022-12-10T13:21:22 GMT" name="org.example.TestSuit" finished-at="2022-12-10T13:21:48 GMT" duration-ms="26389">
    <groups>
    </groups>
    <test started-at="2022-12-10T13:21:22 GMT" name="Command line test" finished-at="2022-12-10T13:21:48 GMT" duration-ms="26389">
      <class name="org.example.TestSuit">
        <test-method is-config="true" signature="SetUp()[pri:0, instance:org.example.TestSuit@198b6731]" started-at="2022-12-10T13:21:22 GMT" name="SetUp" finished-at="2022-12-10T13:21:38 GMT" duration-ms="16189" status="PASS">
          <reporter-output>
          </reporter-output>
        </test-method> <!-- SetUp -->
        <test-method signature="registerNewUser()[pri:0, instance:org.example.TestSuit@198b6731]" started-at="2022-12-10T13:21:38 GMT" name="registerNewUser" finished-at="2022-12-10T13:21:48 GMT" duration-ms="9306" status="PASS">
          <reporter-output>
          </reporter-output>
        </test-method> <!-- registerNewUser -->
        <test-method is-config="true" signature="tearDown()[pri:0, instance:org.example.TestSuit@198b6731]" started-at="2022-12-10T13:21:48 GMT" name="tearDown" finished-at="2022-12-10T13:21:48 GMT" duration-ms="809" status="PASS">
          <reporter-output>
          </reporter-output>
        </test-method> <!-- tearDown -->
      </class> <!-- org.example.TestSuit -->
    </test> <!-- Command line test -->
  </suite> <!-- org.example.TestSuit -->
</testng-results>
